app/build/outputs/logs/manifest-merger-debug-report.txt
-- Merging decision tree log ---
manifest
ADDED from src\main\AndroidManifest.xml:17:1-72:12
	package
		ADDED from src\main\AndroidManifest.xml:18:5-47
		INJECTED from src\main\AndroidManifest.xml
		INJECTED from src\main\AndroidManifest.xml
	android:versionName
		ADDED from src\main\AndroidManifest.xml:20:5-30
	android:versionCode
		ADDED from src\main\AndroidManifest.xml:19:5-28
		INJECTED from src\main\AndroidManifest.xml
		INJECTED from src\main\AndroidManifest.xml
	xmlns:android
		ADDED from src\main\AndroidManifest.xml:17:11-69
uses-sdk
ADDED from src\main\AndroidManifest.xml:22:5-24:41
MERGED from [com.android.support:support-v4:21.0.3] AndroidManifest.xml:15:5-42
	android:targetSdkVersion
		ADDED from src\main\AndroidManifest.xml:24:9-38
		INJECTED from src\main\AndroidManifest.xml
		INJECTED from src\main\AndroidManifest.xml
	android:minSdkVersion
		ADDED from src\main\AndroidManifest.xml:23:9-35
		INJECTED from src\main\AndroidManifest.xml
		INJECTED from src\main\AndroidManifest.xml
uses-permission#android.permission.READ_CONTACTS
ADDED from src\main\AndroidManifest.xml:26:5-72
	android:name
		ADDED from src\main\AndroidManifest.xml:26:22-69
application
ADDED from src\main\AndroidManifest.xml:28:5-71:19
MERGED from [com.android.support:support-v4:21.0.3] AndroidManifest.xml:16:5-19
	android:label
		ADDED from src\main\AndroidManifest.xml:31:9-41
	android:allowBackup
		ADDED from src\main\AndroidManifest.xml:33:9-35
	android:icon
		ADDED from src\main\AndroidManifest.xml:30:9-45
	android:description
		ADDED from src\main\AndroidManifest.xml:29:9-54
	android:theme
		ADDED from src\main\AndroidManifest.xml:32:9-40
activity#com.example.android.contactslist.ui.ContactsListActivity
ADDED from src\main\AndroidManifest.xml:39:9-57:20
	android:label
		ADDED from src\main\AndroidManifest.xml:41:17-63
	android:windowSoftInputMode
		ADDED from src\main\AndroidManifest.xml:42:17-59
	android:name
		ADDED from src\main\AndroidManifest.xml:40:17-56
intent-filter#android.intent.action.MAIN+android.intent.category.LAUNCHER
ADDED from src\main\AndroidManifest.xml:43:13-46:29
action#android.intent.action.MAIN
ADDED from src\main\AndroidManifest.xml:44:17-69
	android:name
		ADDED from src\main\AndroidManifest.xml:44:25-66
category#android.intent.category.LAUNCHER
ADDED from src\main\AndroidManifest.xml:45:17-77
	android:name
		ADDED from src\main\AndroidManifest.xml:45:27-74
intent-filter#android.intent.action.SEARCH
ADDED from src\main\AndroidManifest.xml:52:13-54:29
action#android.intent.action.SEARCH
ADDED from src\main\AndroidManifest.xml:53:17-71
	android:name
		ADDED from src\main\AndroidManifest.xml:53:25-68
meta-data#android.app.searchable
ADDED from src\main\AndroidManifest.xml:55:13-56:70
	android:resource
		ADDED from src\main\AndroidManifest.xml:56:24-67
	android:name
		ADDED from src\main\AndroidManifest.xml:55:24-61
activity#com.example.android.contactslist.ui.ContactDetailActivity
ADDED from src\main\AndroidManifest.xml:58:9-70:20
	android:label
		ADDED from src\main\AndroidManifest.xml:60:13-60
	android:parentActivityName
		ADDED from src\main\AndroidManifest.xml:61:13-66
	android:name
		ADDED from src\main\AndroidManifest.xml:59:13-53
meta-data#android.support.PARENT_ACTIVITY
ADDED from src\main\AndroidManifest.xml:68:13-69:67
	android:value
		ADDED from src\main\AndroidManifest.xml:69:24-64
	android:name
		ADDED from src\main\AndroidManifest.xml:68:24-70